2018-06-09T03:18:14+02:00 [php4es] settings is invalid or null, default settings will be used
2018-06-09T03:18:14+02:00 [php4es] Array
(
    [acknowledged] => 1
    [shards_acknowledged] => 1
)

2018-06-09T04:05:52+02:00 [php4es] fail to delete index
2018-06-09T04:05:52+02:00 [php4es] exception 'Elasticsearch\Common\Exceptions\InvalidArgumentException' with message 'id cannot be null.' in /Users/zhulinfeng/Desktop/phpProject/php4es/include/vendor/elasticsearch/elasticsearch/src/Elasticsearch/Client.php:1549
Stack trace:
#0 /Users/zhulinfeng/Desktop/phpProject/php4es/include/vendor/elasticsearch/elasticsearch/src/Elasticsearch/Client.php(251): Elasticsearch\Client->verifyNotNullOrEmpty('id', NULL)
#1 /Users/zhulinfeng/Desktop/phpProject/php4es/src/main/delete.php(30): Elasticsearch\Client->delete(Array)
#2 /Users/zhulinfeng/Desktop/phpProject/php4es/src/test/test_delete.php(12): delete_es_index('test', 'test')
#3 {main}
2018-06-09T04:13:16+02:00 [php4es] Array
(
    [acknowledged] => 1
)

2018-06-09T04:14:46+02:00 [php4es] fail to delete index
2018-06-09T04:14:46+02:00 [php4es] exception 'Elasticsearch\Common\Exceptions\Missing404Exception' with message '{"error":{"root_cause":[{"type":"index_not_found_exception","reason":"no such index","resource.type":"index_or_alias","resource.id":"test","index_uuid":"_na_","index":"test"}],"type":"index_not_found_exception","reason":"no such index","resource.type":"index_or_alias","resource.id":"test","index_uuid":"_na_","index":"test"},"status":404}' in /Users/zhulinfeng/Desktop/phpProject/php4es/include/vendor/elasticsearch/elasticsearch/src/Elasticsearch/Connections/Connection.php:602
Stack trace:
#0 /Users/zhulinfeng/Desktop/phpProject/php4es/include/vendor/elasticsearch/elasticsearch/src/Elasticsearch/Connections/Connection.php(273): Elasticsearch\Connections\Connection->process4xxError(Array, Array, Array)
#1 /Users/zhulinfeng/Desktop/phpProject/php4es/include/vendor/react/promise/src/FulfilledPromise.php(25): Elasticsearch\Connections\Connection->Elasticsearch\Connections\{closure}(Array)
#2 /Users/zhulinfeng/Desktop/phpProject/php4es/include/vendor/guzzlehttp/ringphp/src/Future/CompletedFutureValue.php(55): React\Promise\FulfilledPromise->then(Object(Closure), NULL, NULL)
#3 /Users/zhulinfeng/Desktop/phpProject/php4es/include/vendor/guzzlehttp/ringphp/src/Core.php(341): GuzzleHttp\Ring\Future\CompletedFutureValue->then(Object(Closure), NULL, NULL)
#4 /Users/zhulinfeng/Desktop/phpProject/php4es/include/vendor/elasticsearch/elasticsearch/src/Elasticsearch/Connections/Connection.php(294): GuzzleHttp\Ring\Core::proxy(Object(GuzzleHttp\Ring\Future\CompletedFutureArray), Object(Closure))
#5 /Users/zhulinfeng/Desktop/phpProject/php4es/include/vendor/elasticsearch/elasticsearch/src/Elasticsearch/Connections/Connection.php(171): Elasticsearch\Connections\Connection->Elasticsearch\Connections\{closure}(Array, Object(Elasticsearch\Connections\Connection), Object(Elasticsearch\Transport), Array)
#6 /Users/zhulinfeng/Desktop/phpProject/php4es/include/vendor/elasticsearch/elasticsearch/src/Elasticsearch/Transport.php(107): Elasticsearch\Connections\Connection->performRequest('DELETE', '/test', Array, NULL, Array, Object(Elasticsearch\Transport))
#7 /Users/zhulinfeng/Desktop/phpProject/php4es/include/vendor/elasticsearch/elasticsearch/src/Elasticsearch/Namespaces/AbstractNamespace.php(73): Elasticsearch\Transport->performRequest('DELETE', '/test', Array, NULL, Array)
#8 /Users/zhulinfeng/Desktop/phpProject/php4es/include/vendor/elasticsearch/elasticsearch/src/Elasticsearch/Namespaces/IndicesNamespace.php(139): Elasticsearch\Namespaces\AbstractNamespace->performRequest(Object(Elasticsearch\Endpoints\Indices\Delete))
#9 /Users/zhulinfeng/Desktop/phpProject/php4es/src/main/delete.php(29): Elasticsearch\Namespaces\IndicesNamespace->delete(Array)
#10 /Users/zhulinfeng/Desktop/phpProject/php4es/src/test/test_delete.php(12): delete_es_index('test')
#11 {main}
2018-06-09T04:19:05+02:00 [php4es_delete_index] success to delete index test1Array
